<?xml version="1.0" encoding="UTF-8"?>
<!-- Generated by org.testng.reporters.JUnitXMLReporter -->
<testsuite ignored="0" hostname="SachinShinde" failures="1" tests="1" name="Default test" time="2.978" errors="0" timestamp="2025-10-07T12:32:08 IST">
  <testcase classname="io.cucumber.testng.AbstractTestNGCucumberTests" name="runScenario" time="2.72">
    <failure type="java.lang.NullPointerException" message="Cannot invoke &amp;quot;org.openqa.selenium.WebDriver.get(String)&amp;quot; because &amp;quot;this.driver&amp;quot; is null">
      <![CDATA[java.lang.NullPointerException: Cannot invoke "org.openqa.selenium.WebDriver.get(String)" because "this.driver" is null
at StepDefinations.LogIn_Steps.user_on_home_page_of_webside(LogIn_Steps.java:42)
at ✽.User on LogIn page of webside(file:///C:/Users/ssach/OneDrive/Desktop/Log_In/LogInpage/src/test/java/FeartureFiles/LogInPage.feature:4)
]]>
    </failure>
  </testcase> <!-- runScenario -->
</testsuite> <!-- Default test -->
