<?xml version="1.0" encoding="UTF-8"?>
<!-- Generated by org.testng.reporters.JUnitReportReporter -->
<testsuite hostname="SachinShinde" failures="0" tests="1" name="CucumberOptions.TestNGRunner" time="1.764" errors="1" timestamp="2025-10-06T13:13:13 IST" skipped="0">
  <testcase classname="CucumberOptions.TestNGRunner" name="runScenario" time="1.764">
    <error message="Cannot invoke &quot;org.openqa.selenium.WebDriver.get(String)&quot; because &quot;this.driver&quot; is null" type="java.lang.NullPointerException">
      <![CDATA[java.lang.NullPointerException: Cannot invoke "org.openqa.selenium.WebDriver.get(String)" because "this.driver" is null
at StepDefinations.LogIn_Steps.user_on_home_page_of_webside(LogIn_Steps.java:42)
at ✽.User on LogIn page of webside(file:///C:/Users/ssach/OneDrive/Desktop/Log_In/LogInpage/src/test/java/FeartureFiles/LogInPage.feature:4)
]]>
    </error>
  </testcase> <!-- runScenario -->
</testsuite> <!-- CucumberOptions.TestNGRunner -->
